<?xml version="1.0" encoding="UTF-8"?>
<testng-results ignored="0" total="1" passed="1" failed="0" skipped="0">
  <reporter-output>
  </reporter-output>
  <suite started-at="2021-08-03T11:06:17 EDT" name="Swarmio Hive" finished-at="2021-08-03T11:06:28 EDT" duration-ms="11337">
    <groups>
    </groups>
    <test started-at="2021-08-03T11:06:17 EDT" name="Check Title of page" finished-at="2021-08-03T11:06:28 EDT" duration-ms="11337">
      <class name="HomePageSmokeTest">
        <test-method is-config="true" signature="setupApplication()[pri:0, instance:HomePageSmokeTest@64cd705f]" started-at="2021-08-03T11:06:17 EDT" name="setupApplication" finished-at="2021-08-03T11:06:28 EDT" duration-ms="11102" status="PASS">
          <reporter-output>
          </reporter-output>
        </test-method> <!-- setupApplication -->
        <test-method signature="HomePageButtons()[pri:0, instance:HomePageSmokeTest@64cd705f]" started-at="2021-08-03T11:06:28 EDT" name="HomePageButtons" finished-at="2021-08-03T11:06:28 EDT" duration-ms="4" status="PASS">
          <reporter-output>
          </reporter-output>
        </test-method> <!-- HomePageButtons -->
        <test-method is-config="true" signature="closeApplication()[pri:0, instance:HomePageSmokeTest@64cd705f]" started-at="2021-08-03T11:06:28 EDT" name="closeApplication" finished-at="2021-08-03T11:06:28 EDT" duration-ms="202" status="PASS">
          <reporter-output>
          </reporter-output>
        </test-method> <!-- closeApplication -->
      </class> <!-- HomePageSmokeTest -->
    </test> <!-- Check Title of page -->
  </suite> <!-- Swarmio Hive -->
</testng-results>
