<?xml version="1.0" encoding="UTF-8"?>
<testng-results ignored="0" total="1" passed="1" failed="0" skipped="0">
  <reporter-output>
  </reporter-output>
  <suite started-at="2021-03-01T11:46:53 EST" name="Swarmio Hive" finished-at="2021-03-01T11:47:08 EST" duration-ms="14793">
    <groups>
    </groups>
    <test started-at="2021-03-01T11:46:53 EST" name="Check Title of page" finished-at="2021-03-01T11:47:08 EST" duration-ms="14793">
      <class name="HomePageSmokeTest">
        <test-method is-config="true" signature="setupApplication()[pri:0, instance:HomePageSmokeTest@a9cd3b1]" started-at="2021-03-01T11:46:53 EST" name="setupApplication" finished-at="2021-03-01T11:46:55 EST" duration-ms="2072" status="PASS">
          <reporter-output>
          </reporter-output>
        </test-method> <!-- setupApplication -->
        <test-method signature="HomePageButtons()[pri:0, instance:HomePageSmokeTest@a9cd3b1]" started-at="2021-03-01T11:46:55 EST" name="HomePageButtons" finished-at="2021-03-01T11:47:08 EST" duration-ms="12673" status="PASS">
          <reporter-output>
          </reporter-output>
        </test-method> <!-- HomePageButtons -->
        <test-method is-config="true" signature="closeApplication()[pri:0, instance:HomePageSmokeTest@a9cd3b1]" started-at="2021-03-01T11:47:08 EST" name="closeApplication" finished-at="2021-03-01T11:47:08 EST" duration-ms="25" status="PASS">
          <reporter-output>
          </reporter-output>
        </test-method> <!-- closeApplication -->
      </class> <!-- HomePageSmokeTest -->
    </test> <!-- Check Title of page -->
  </suite> <!-- Swarmio Hive -->
</testng-results>
